INFO 2025-06-26 02:09:33,458 apps.sales.signals signals order_post_save 127 Order created: MB001-20250625-0012 (ID: 38) - Status: draft
INFO 2025-06-26 02:10:06,693 apps.sales.signals signals payment_post_save 154 Payment created: 43 - Amount: 10 - Status: completed
INFO 2025-06-26 02:10:06,694 apps.sales.signals signals handle_payment_added 167 Processing new completed payment: 43 for order MB001-20250625-0012
INFO 2025-06-26 02:10:06,698 apps.sales.signals signals handle_payment_added 176 Total payments for order MB001-20250625-0012: 10.00 (Order total: 10.00)
INFO 2025-06-26 02:10:07,161 apps.sales.signals signals order_post_save 127 Order updated: MB001-20250625-0012 (ID: 38) - Status: completed
INFO 2025-06-26 02:10:07,161 apps.sales.signals signals create_inventory_transactions_for_order 241 Processing completed order for inventory: MB001-20250625-0012
INFO 2025-06-26 02:10:07,168 apps.sales.signals signals handle_payment_added 196 Order MB001-20250625-0012 completed, updating order items to served status
INFO 2025-06-26 02:10:07,209 apps.sales.signals signals order_item_post_save 136 Order item updated: Chicken Breast (ID: 89) - Status: served
INFO 2025-06-26 02:10:07,209 apps.sales.signals signals create_inventory_transaction_for_order_item 264 Processing served order item for inventory: Chicken Breast (ID: 89)
DEBUG 2025-06-26 02:10:07,211 apps.sales.signals signals create_inventory_transaction_for_order_item 275 Order item 89 already has inventory updated or status not changed
INFO 2025-06-26 02:10:07,306 apps.sales.signals signals payment_post_save 154 Payment updated: 43 - Amount: 10 - Status: completed
INFO 2025-06-26 02:10:07,306 apps.sales.signals signals handle_payment_completion 208 Payment status changed to completed: 43
INFO 2025-06-26 02:10:07,313 apps.sales.signals signals order_post_save 127 Order updated: MB001-20250625-0012 (ID: 38) - Status: completed
INFO 2025-06-26 02:10:07,314 apps.sales.signals signals create_inventory_transactions_for_order 241 Processing completed order for inventory: MB001-20250625-0012
INFO 2025-06-26 03:24:38,557 apps.sales.signals signals order_post_save 127 Order created: MB001-20250626-0001 (ID: 39) - Status: draft
INFO 2025-06-26 03:25:06,837 apps.sales.signals signals payment_post_save 154 Payment created: 44 - Amount: 20 - Status: completed
INFO 2025-06-26 03:25:06,838 apps.sales.signals signals handle_payment_added 167 Processing new completed payment: 44 for order MB001-20250626-0001
INFO 2025-06-26 03:25:06,854 apps.sales.signals signals handle_payment_added 176 Total payments for order MB001-20250626-0001: 20.00 (Order total: 20.00)
INFO 2025-06-26 03:25:06,855 apps.sales.signals signals handle_payment_added 186 Order MB001-20250626-0001 status updated: draft -> completed, Payment: pending -> paid
INFO 2025-06-26 03:25:06,864 apps.sales.signals signals order_post_save 127 Order updated: MB001-20250626-0001 (ID: 39) - Status: completed
INFO 2025-06-26 03:25:06,865 apps.sales.signals signals create_inventory_transactions_for_order 241 Processing completed order for inventory: MB001-20250626-0001
INFO 2025-06-26 03:25:06,869 apps.sales.signals signals handle_payment_added 196 Order MB001-20250626-0001 completed, updating order items to served status
INFO 2025-06-26 03:25:06,913 apps.sales.signals signals order_item_post_save 136 Order item updated: Chicken Breast (ID: 90) - Status: served
INFO 2025-06-26 03:25:06,914 apps.sales.signals signals create_inventory_transaction_for_order_item 264 Processing served order item for inventory: Chicken Breast (ID: 90)
DEBUG 2025-06-26 03:25:06,918 apps.sales.signals signals create_inventory_transaction_for_order_item 275 Order item 90 already has inventory updated or status not changed
INFO 2025-06-26 03:25:06,918 apps.sales.signals signals handle_payment_added 202 Order item 90 status updated: pending -> served
INFO 2025-06-26 03:25:07,082 apps.sales.signals signals payment_post_save 154 Payment updated: 44 - Amount: 20 - Status: completed
INFO 2025-06-26 03:25:07,083 apps.sales.signals signals handle_payment_completion 208 Payment status changed to completed: 44
INFO 2025-06-26 03:25:07,096 apps.sales.signals signals order_post_save 127 Order updated: MB001-20250626-0001 (ID: 39) - Status: completed
INFO 2025-06-26 03:25:07,097 apps.sales.signals signals create_inventory_transactions_for_order 241 Processing completed order for inventory: MB001-20250626-0001
INFO 2025-06-26 03:38:22,234 apps.inventory.signals signals create_branch_stock_for_product 15 Creating branch stock for new product: test2 (ID: 23)
INFO 2025-06-26 03:38:22,238 apps.inventory.signals signals create_branch_stock_for_product 21 Found 1 active branches for stock creation
DEBUG 2025-06-26 03:38:22,245 apps.inventory.signals signals create_branch_stock_for_product 39 Branch stock already exists for test2 at Main Branch
INFO 2025-06-26 03:41:35,652 apps.inventory.signals signals create_branch_stock_for_product 15 Creating branch stock for new product: test3 (ID: 24)
INFO 2025-06-26 03:41:35,655 apps.inventory.signals signals create_branch_stock_for_product 21 Found 1 active branches for stock creation
DEBUG 2025-06-26 03:41:35,661 apps.inventory.signals signals create_branch_stock_for_product 39 Branch stock already exists for test3 at Main Branch
INFO 2025-06-26 11:45:27,364 apps.sales.signals signals order_post_save 127 Order created:  (ID: 40) - Status: draft
DEBUG 2025-06-26 11:45:27,444 apps.sales.signals signals create_inventory_transaction_for_order_item 279 create_inventory_transaction_for_order_item signal triggered: item_id=91, status=pending, created=True
DEBUG 2025-06-26 11:45:27,444 apps.sales.signals signals create_inventory_transaction_for_order_item 320 Signal conditions not met: status=pending, created=True
INFO 2025-06-26 11:45:45,789 apps.sales.signals signals payment_post_save 154 Payment created: 45 - Amount: 20 - Status: completed
DEBUG 2025-06-26 11:45:45,789 apps.sales.signals signals handle_payment_added 166 handle_payment_added signal triggered: payment_id=45, created=True, status=completed
INFO 2025-06-26 11:45:45,789 apps.sales.signals signals handle_payment_added 169 Processing new completed payment: 45 for order 
INFO 2025-06-26 11:45:45,792 apps.sales.signals signals handle_payment_added 178 Total payments for order : 20.00 (Order total: 20.00)
INFO 2025-06-26 11:45:45,792 apps.sales.signals signals handle_payment_added 188 Order  status updated: draft -> completed, Payment: pending -> paid
INFO 2025-06-26 11:45:45,795 apps.sales.signals signals order_post_save 127 Order updated:  (ID: 40) - Status: completed
INFO 2025-06-26 11:45:45,796 apps.sales.signals signals create_inventory_transactions_for_order 248 Processing completed order for inventory: 
DEBUG 2025-06-26 11:45:45,797 apps.sales.signals signals create_inventory_transactions_for_order 270 Order  status was already completed
INFO 2025-06-26 11:45:45,814 apps.sales.signals signals order_post_save 127 Order updated:  (ID: 40) - Status: completed
INFO 2025-06-26 11:45:45,815 apps.sales.signals signals create_inventory_transactions_for_order 248 Processing completed order for inventory: 
DEBUG 2025-06-26 11:45:45,818 apps.sales.signals signals create_inventory_transactions_for_order 270 Order  status was already completed
INFO 2025-06-26 11:45:45,829 apps.sales.signals signals order_item_post_save 136 Order item updated: Chicken Breast (ID: 91) - Status: served
DEBUG 2025-06-26 11:45:45,830 apps.sales.signals signals create_inventory_transaction_for_order_item 279 create_inventory_transaction_for_order_item signal triggered: item_id=91, status=served, created=False
INFO 2025-06-26 11:45:45,830 apps.sales.signals signals create_inventory_transaction_for_order_item 282 Processing served order item for inventory: Chicken Breast (ID: 91)
DEBUG 2025-06-26 11:45:45,831 apps.sales.signals signals create_inventory_transaction_for_order_item 287 Previous status: served, Current status: served, Inventory updated: False
DEBUG 2025-06-26 11:45:45,831 apps.sales.signals signals create_inventory_transaction_for_order_item 312 Order item 91 already has inventory updated or status not changed
INFO 2025-06-26 11:45:45,875 apps.inventory.signals signals update_branch_stock_on_transaction 276 Processing new inventory transaction: 1 - sale - -2.00
INFO 2025-06-26 11:45:45,875 apps.inventory.signals signals update_branch_stock_on_transaction 288 Negative transaction: 8.000 - 2.00 = 6.000
INFO 2025-06-26 11:45:45,877 apps.inventory.signals signals update_branch_stock_on_transaction 304 Updated branch stock for Chicken Breast at Main Branch: 8.000 -> 6.000
INFO 2025-06-26 11:45:46,123 apps.sales.signals signals handle_payment_added 198 Order  completed, updating order items to served status
DEBUG 2025-06-26 11:45:46,128 apps.sales.signals signals handle_payment_added 200 Processing order item: Chicken Breast (ID: 91) - Current status: served
DEBUG 2025-06-26 11:45:46,128 apps.sales.signals signals handle_payment_added 207 Order item 91 already in final status: served
INFO 2025-06-26 11:45:46,210 apps.sales.signals signals payment_post_save 154 Payment updated: 45 - Amount: 20 - Status: completed
DEBUG 2025-06-26 11:45:46,210 apps.sales.signals signals handle_payment_added 166 handle_payment_added signal triggered: payment_id=45, created=False, status=completed
DEBUG 2025-06-26 11:45:46,210 apps.sales.signals signals handle_payment_added 209 handle_payment_added signal conditions not met: created=False, status=completed
INFO 2025-06-26 11:45:46,210 apps.sales.signals signals handle_payment_completion 215 Payment status changed to completed: 45
INFO 2025-06-26 11:45:46,215 apps.sales.signals signals order_post_save 127 Order updated:  (ID: 40) - Status: completed
INFO 2025-06-26 11:45:46,215 apps.sales.signals signals create_inventory_transactions_for_order 248 Processing completed order for inventory: 
DEBUG 2025-06-26 11:45:46,218 apps.sales.signals signals create_inventory_transactions_for_order 270 Order  status was already completed
INFO 2025-06-26 11:45:46,224 apps.sales.signals signals order_post_save 127 Order updated:  (ID: 40) - Status: completed
INFO 2025-06-26 11:45:46,225 apps.sales.signals signals create_inventory_transactions_for_order 248 Processing completed order for inventory: 
DEBUG 2025-06-26 11:45:46,226 apps.sales.signals signals create_inventory_transactions_for_order 270 Order  status was already completed
INFO 2025-06-26 11:47:13,423 apps.sales.signals signals create_inventory_transactions_for_order 248 Processing completed order for inventory: 
DEBUG 2025-06-26 11:47:13,424 apps.sales.signals signals create_inventory_transactions_for_order 270 Order  status was already completed
INFO 2025-06-26 11:47:13,427 apps.sales.signals signals create_inventory_transactions_for_order 248 Processing completed order for inventory: 
DEBUG 2025-06-26 11:47:13,428 apps.sales.signals signals create_inventory_transactions_for_order 270 Order  status was already completed
INFO 2025-06-26 11:48:07,557 apps.sales.signals signals create_inventory_transactions_for_order 248 Processing completed order for inventory: 
DEBUG 2025-06-26 11:48:07,559 apps.sales.signals signals create_inventory_transactions_for_order 270 Order  status was already completed
INFO 2025-06-26 11:48:07,565 apps.sales.signals signals create_inventory_transactions_for_order 248 Processing completed order for inventory: 
DEBUG 2025-06-26 11:48:07,568 apps.sales.signals signals create_inventory_transactions_for_order 270 Order  status was already completed
INFO 2025-06-26 11:49:19,279 apps.sales.signals signals create_inventory_transactions_for_order 248 Processing completed order for inventory: 
DEBUG 2025-06-26 11:49:19,283 apps.sales.signals signals create_inventory_transactions_for_order 270 Order  status was already completed
INFO 2025-06-26 11:49:19,293 apps.sales.signals signals create_inventory_transactions_for_order 248 Processing completed order for inventory: 
DEBUG 2025-06-26 11:49:19,295 apps.sales.signals signals create_inventory_transactions_for_order 270 Order  status was already completed
INFO 2025-06-26 11:49:58,679 apps.sales.signals signals create_inventory_transactions_for_order 248 Processing completed order for inventory: MB001-20250626-0002
DEBUG 2025-06-26 11:49:58,682 apps.sales.signals signals create_inventory_transactions_for_order 270 Order MB001-20250626-0002 status was already completed
INFO 2025-06-26 11:49:58,687 apps.sales.signals signals create_inventory_transactions_for_order 248 Processing completed order for inventory: MB001-20250626-0002
DEBUG 2025-06-26 11:49:58,691 apps.sales.signals signals create_inventory_transactions_for_order 270 Order MB001-20250626-0002 status was already completed
